SpaceShipGame/app/build/intermediates/manifest_merge_blame_file/debug/manifest-merger-blame-debug-report.txt
1<?xml version="1.0" encoding="utf-8"?>
2<manifest xmlns:android="http://schemas.android.com/apk/res/android"
3    package="hu.bme.aut.android.spaceshipgame"
4    android:versionCode="1"
5    android:versionName="1.0" >
6
7    <uses-sdk
8        android:minSdkVersion="21"
8-->src/main/AndroidManifest.xml
9        android:targetSdkVersion="29" />
9-->src/main/AndroidManifest.xml
10
11    <application
11-->src/main/AndroidManifest.xml:6:5-22:19
12        android:allowBackup="true"
12-->src/main/AndroidManifest.xml:7:9-35
13        android:appComponentFactory="androidx.core.app.CoreComponentFactory"
13-->[androidx.core:core:1.1.0] AndroidManifest.xml:24:18-86
14        android:debuggable="true"
15        android:icon="@mipmap/ic_launcher"
15-->src/main/AndroidManifest.xml:8:9-43
16        android:label="@string/app_name"
16-->src/main/AndroidManifest.xml:9:9-41
17        android:testOnly="true"
18        android:theme="@style/AppTheme" >
18-->src/main/AndroidManifest.xml:10:9-40
19        <activity
19-->src/main/AndroidManifest.xml:12:9-21:20
20            android:name="hu.bme.aut.android.spaceshipgame.GameActivity"
20-->src/main/AndroidManifest.xml:13:13-41
21            android:label="@string/app_name"
21-->src/main/AndroidManifest.xml:14:13-45
22            android:screenOrientation="landscape"
22-->src/main/AndroidManifest.xml:15:13-50
23            android:theme="@style/AppTheme" >
23-->src/main/AndroidManifest.xml:16:13-44
24            <intent-filter>
24-->src/main/AndroidManifest.xml:17:13-20:29
25                <action android:name="android.intent.action.MAIN" />
25-->src/main/AndroidManifest.xml:18:17-68
25-->src/main/AndroidManifest.xml:18:25-66
26
27                <category android:name="android.intent.category.LAUNCHER" />
27-->src/main/AndroidManifest.xml:19:17-76
27-->src/main/AndroidManifest.xml:19:27-74
28            </intent-filter>
29        </activity>
30    </application>
31
32</manifest>